<!DOCTYPE html>

<html>
  <head>
  <meta charset='utf-8'>
  <title>TestNG reports</title>

    <link type="text/css" href="testng-reports.css" rel="stylesheet" />
    <script type="text/javascript" src="jquery-3.4.1.min.js"></script>
    <script type="text/javascript" src="testng-reports.js"></script>
    <script type="text/javascript" src="https://www.google.com/jsapi"></script>
    <script type='text/javascript'>
      google.load('visualization', '1', {packages:['table']});
      google.setOnLoadCallback(drawTable);
      var suiteTableInitFunctions = new Array();
      var suiteTableData = new Array();
    </script>
    <!--
      <script type="text/javascript" src="jquery-ui/js/jquery-ui-1.8.16.custom.min.js"></script>
     -->
  </head>

  <body>
    <div class="top-banner-root">
      <span class="top-banner-title-font">Test results</span>
      <br/>
      <span class="top-banner-font-1">1 suite, 30 failed tests</span>
    </div> <!-- top-banner-root -->
    <div class="navigator-root">
      <div class="navigator-suite-header">
        <span>All suites</span>
        <a href="#" title="Collapse/expand all the suites" class="collapse-all-link">
          <img src="collapseall.gif" class="collapse-all-icon">
          </img> <!-- collapse-all-icon -->
        </a> <!-- collapse-all-link -->
      </div> <!-- navigator-suite-header -->
      <div class="suite">
        <div class="rounded-window">
          <div class="suite-header light-rounded-window-top">
            <a href="#" panel-name="suite-Command_line_suite" class="navigator-link">
              <span class="suite-name border-failed">Command line suite</span>
            </a> <!-- navigator-link -->
          </div> <!-- suite-header light-rounded-window-top -->
          <div class="navigator-suite-content">
            <div class="suite-section-title">
              <span>Info</span>
            </div> <!-- suite-section-title -->
            <div class="suite-section-content">
              <ul>
                <li>
                  <a href="#" panel-name="test-xml-Command_line_suite" class="navigator-link ">
                    <span>[unset file name]</span>
                  </a> <!-- navigator-link  -->
                </li>
                <li>
                  <a href="#" panel-name="testlist-Command_line_suite" class="navigator-link ">
                    <span class="test-stats">1 test</span>
                  </a> <!-- navigator-link  -->
                </li>
                <li>
                  <a href="#" panel-name="group-Command_line_suite" class="navigator-link ">
                    <span>0 groups</span>
                  </a> <!-- navigator-link  -->
                </li>
                <li>
                  <a href="#" panel-name="times-Command_line_suite" class="navigator-link ">
                    <span>Times</span>
                  </a> <!-- navigator-link  -->
                </li>
                <li>
                  <a href="#" panel-name="reporter-Command_line_suite" class="navigator-link ">
                    <span>Reporter output</span>
                  </a> <!-- navigator-link  -->
                </li>
                <li>
                  <a href="#" panel-name="ignored-methods-Command_line_suite" class="navigator-link ">
                    <span>Ignored methods</span>
                  </a> <!-- navigator-link  -->
                </li>
                <li>
                  <a href="#" panel-name="chronological-Command_line_suite" class="navigator-link ">
                    <span>Chronological view</span>
                  </a> <!-- navigator-link  -->
                </li>
              </ul>
            </div> <!-- suite-section-content -->
            <div class="result-section">
              <div class="suite-section-title">
                <span>Results</span>
              </div> <!-- suite-section-title -->
              <div class="suite-section-content">
                <ul>
                  <li>
                    <span class="method-stats">31 methods, 30 failed,   1 passed</span>
                  </li>
                  <li>
                    <span class="method-list-title failed">Failed methods</span>
                    <span class="show-or-hide-methods failed">
                      <a href="#" panel-name="suite-Command_line_suite" class="hide-methods failed suite-Command_line_suite"> (hide)</a> <!-- hide-methods failed suite-Command_line_suite -->
                      <a href="#" panel-name="suite-Command_line_suite" class="show-methods failed suite-Command_line_suite"> (show)</a> <!-- show-methods failed suite-Command_line_suite -->
                    </span>
                    <div class="method-list-content failed suite-Command_line_suite">
                      <span>
                        <img src="failed.png" width="3%"/>
                        <a href="#" panel-name="suite-Command_line_suite" title="TestNGClass" class="method navigator-link" hash-for-method="signUpRegister(Moustafa, Aly, 0100710025&amp;, moustafa.k.al2y110@gmail.com, Mk12345, Mk12345)">signUpRegister(Moustafa, Aly, 0100710025&, moustafa.k.al2y110@gmail.com, Mk12345, Mk12345)</a> <!-- method navigator-link -->
                      </span>
                      <br/>
                      <span>
                        <img src="failed.png" width="3%"/>
                        <a href="#" panel-name="suite-Command_line_suite" title="TestNGClass" class="method navigator-link" hash-for-method="signUpRegister(Moustafa, Aly, 0100710025, moustafa.k.aly1212@gmail.com, Mk12345, Mk12345)">signUpRegister(Moustafa, Aly, 0100710025, moustafa.k.aly1212@gmail.com, Mk12345, Mk12345)</a> <!-- method navigator-link -->
                      </span>
                      <br/>
                      <span>
                        <img src="failed.png" width="3%"/>
                        <a href="#" panel-name="suite-Command_line_suite" title="TestNGClass" class="method navigator-link" hash-for-method="signUpRegister(Moustafa, Aly, 01007100263, moustafa.k.aaly200@gmail.com, Mk12345, Mk12345)">signUpRegister(Moustafa, Aly, 01007100263, moustafa.k.aaly200@gmail.com, Mk12345, Mk12345)</a> <!-- method navigator-link -->
                      </span>
                      <br/>
                      <span>
                        <img src="failed.png" width="3%"/>
                        <a href="#" panel-name="suite-Command_line_suite" title="TestNGClass" class="method navigator-link" hash-for-method="signUpRegister(Moustafa, Aly1, 01007100251, moustafa.k.aly2107@gmail.com, Mk12345, Mk12345)">signUpRegister(Moustafa, Aly1, 01007100251, moustafa.k.aly2107@gmail.com, Mk12345, Mk12345)</a> <!-- method navigator-link -->
                      </span>
                      <br/>
                      <span>
                        <img src="failed.png" width="3%"/>
                        <a href="#" panel-name="suite-Command_line_suite" title="TestNGClass" class="method navigator-link" hash-for-method="signUpRegister(Moustafa, Aly, 01007100264, , Mk12345, Mk12345)">signUpRegister(Moustafa, Aly, 01007100264, , Mk12345, Mk12345)</a> <!-- method navigator-link -->
                      </span>
                      <br/>
                      <span>
                        <img src="failed.png" width="3%"/>
                        <a href="#" panel-name="suite-Command_line_suite" title="TestNGClass" class="method navigator-link" hash-for-method="signUpRegister(Moustafa, Aly, 01007100265, moustafa.k.aly1219@gmail.com, abcdefg, abcdefg)">signUpRegister(Moustafa, Aly, 01007100265, moustafa.k.aly1219@gmail.com, abcdefg, abcdefg)</a> <!-- method navigator-link -->
                      </span>
                      <br/>
                      <span>
                        <img src="failed.png" width="3%"/>
                        <a href="#" panel-name="suite-Command_line_suite" title="TestNGClass" class="method navigator-link" hash-for-method="signUpRegister(Moustafa, , 01007100249, moustafa.k.aly1205@gmail.com, Mk12345, Mk12345)">signUpRegister(Moustafa, , 01007100249, moustafa.k.aly1205@gmail.com, Mk12345, Mk12345)</a> <!-- method navigator-link -->
                      </span>
                      <br/>
                      <span>
                        <img src="failed.png" width="3%"/>
                        <a href="#" panel-name="suite-Command_line_suite" title="TestNGClass" class="method navigator-link" hash-for-method="signUpRegister(Moustafa, Aly, abdjdflsfjea, moustafa.k.aly2109@gmail.com, Mk12345, Mk12345)">signUpRegister(Moustafa, Aly, abdjdflsfjea, moustafa.k.aly2109@gmail.com, Mk12345, Mk12345)</a> <!-- method navigator-link -->
                      </span>
                      <br/>
                      <span>
                        <img src="failed.png" width="3%"/>
                        <a href="#" panel-name="suite-Command_line_suite" title="TestNGClass" class="method navigator-link" hash-for-method="signUpRegister(Moustafa, Aly, 01007100266, moustafa.k.aly1220@gmail.com, ABCDEFH, ABCDEFH)">signUpRegister(Moustafa, Aly, 01007100266, moustafa.k.aly1220@gmail.com, ABCDEFH, ABCDEFH)</a> <!-- method navigator-link -->
                      </span>
                      <br/>
                      <span>
                        <img src="failed.png" width="3%"/>
                        <a href="#" panel-name="suite-Command_line_suite" title="TestNGClass" class="method navigator-link" hash-for-method="signUpRegister(Moustafa@, Aly, 01007100246, moustafa.k.aly1203@gmail.com, Mk12345, Mk12345)">signUpRegister(Moustafa@, Aly, 01007100246, moustafa.k.aly1203@gmail.com, Mk12345, Mk12345)</a> <!-- method navigator-link -->
                      </span>
                      <br/>
                      <span>
                        <img src="failed.png" width="3%"/>
                        <a href="#" panel-name="suite-Command_line_suite" title="TestNGClass" class="method navigator-link" hash-for-method="signUpRegister(Moustafa, Aly, 01007100262, moustafa.k.aly117, Mk12345, Mk12345)">signUpRegister(Moustafa, Aly, 01007100262, moustafa.k.aly117, Mk12345, Mk12345)</a> <!-- method navigator-link -->
                      </span>
                      <br/>
                      <span>
                        <img src="failed.png" width="3%"/>
                        <a href="#" panel-name="suite-Command_line_suite" title="TestNGClass" class="method navigator-link" hash-for-method="signUpRegister(Moustafa, Aly, 01007100260, moustafa.k.aly116@, Mk12345, Mk12345)">signUpRegister(Moustafa, Aly, 01007100260, moustafa.k.aly116@, Mk12345, Mk12345)</a> <!-- method navigator-link -->
                      </span>
                      <br/>
                      <span>
                        <img src="failed.png" width="3%"/>
                        <a href="#" panel-name="suite-Command_line_suite" title="TestNGClass" class="method navigator-link" hash-for-method="signUpRegister(, Aly, 01007100245, moustafa.k.aly1022@gmail.com, Mk12345, Mk12345)">signUpRegister(, Aly, 01007100245, moustafa.k.aly1022@gmail.com, Mk12345, Mk12345)</a> <!-- method navigator-link -->
                      </span>
                      <br/>
                      <span>
                        <img src="failed.png" width="3%"/>
                        <a href="#" panel-name="suite-Command_line_suite" title="TestNGClass" class="method navigator-link" hash-for-method="signUpRegister(Moustafa, Aly, 01007100267, moustafa.k.aly221@gmail.com, AbcdefgDK, AbcdefgDK)">signUpRegister(Moustafa, Aly, 01007100267, moustafa.k.aly221@gmail.com, AbcdefgDK, AbcdefgDK)</a> <!-- method navigator-link -->
                      </span>
                      <br/>
                      <span>
                        <img src="failed.png" width="3%"/>
                        <a href="#" panel-name="suite-Command_line_suite" title="TestNGClass" class="method navigator-link" hash-for-method="signUpRegister(Moustafa, Aly, 01007100270, moustafa.k.aly224@gmail.com, Abcdefg, )">signUpRegister(Moustafa, Aly, 01007100270, moustafa.k.aly224@gmail.com, Abcdefg, )</a> <!-- method navigator-link -->
                      </span>
                      <br/>
                      <span>
                        <img src="failed.png" width="3%"/>
                        <a href="#" panel-name="suite-Command_line_suite" title="TestNGClass" class="method navigator-link" hash-for-method="signUpRegister(null, null, null, null, null, null)">signUpRegister(null, null, null, null, null, null)</a> <!-- method navigator-link -->
                      </span>
                      <br/>
                      <span>
                        <img src="failed.png" width="3%"/>
                        <a href="#" panel-name="suite-Command_line_suite" title="TestNGClass" class="method navigator-link" hash-for-method="signUpRegister(Moustafa, Aly*, 01007100250, moustafa.k.aly1206@gmail.com, Mk12345, Mk12345)">signUpRegister(Moustafa, Aly*, 01007100250, moustafa.k.aly1206@gmail.com, Mk12345, Mk12345)</a> <!-- method navigator-link -->
                      </span>
                      <br/>
                      <span>
                        <img src="failed.png" width="3%"/>
                        <a href="#" panel-name="suite-Command_line_suite" title="TestNGClass" class="method navigator-link" hash-for-method="signUpRegister(Moustafa, Aly, , moustafa.k.aly1214@gmail.com, Mk12345, Mk12345)">signUpRegister(Moustafa, Aly, , moustafa.k.aly1214@gmail.com, Mk12345, Mk12345)</a> <!-- method navigator-link -->
                      </span>
                      <br/>
                      <span>
                        <img src="failed.png" width="3%"/>
                        <a href="#" panel-name="suite-Command_line_suite" title="TestNGClass" class="method navigator-link" hash-for-method="signUpRegister(Moustafa1, Aly, 01007100247, moustafa.k.aly1042@gmail.com, Mk12345, Mk12345)">signUpRegister(Moustafa1, Aly, 01007100247, moustafa.k.aly1042@gmail.com, Mk12345, Mk12345)</a> <!-- method navigator-link -->
                      </span>
                      <br/>
                      <span>
                        <img src="failed.png" width="3%"/>
                        <a href="#" panel-name="suite-Command_line_suite" title="TestNGClass" class="method navigator-link" hash-for-method="signUpRegister(Moustafa, Aly, 01007100271, moustafa.k.aly1225@gmail.com, Abcde, Abcde)">signUpRegister(Moustafa, Aly, 01007100271, moustafa.k.aly1225@gmail.com, Abcde, Abcde)</a> <!-- method navigator-link -->
                      </span>
                      <br/>
                      <span>
                        <img src="failed.png" width="3%"/>
                        <a href="#" panel-name="suite-Command_line_suite" title="TestNGClass" class="method navigator-link" hash-for-method="signUpRegister(Moustafa, Aly, 01007100269, moustafa.k.aly223@gmail.com, , Abcdefg)">signUpRegister(Moustafa, Aly, 01007100269, moustafa.k.aly223@gmail.com, , Abcdefg)</a> <!-- method navigator-link -->
                      </span>
                      <br/>
                      <span>
                        <img src="failed.png" width="3%"/>
                        <a href="#" panel-name="suite-Command_line_suite" title="TestNGClass" class="method navigator-link" hash-for-method="signUpRegister(Moustafa, Aly, 010071002578, moustafa.k.aly1213@gmail.com, Mk12345, Mk12345)">signUpRegister(Moustafa, Aly, 010071002578, moustafa.k.aly1213@gmail.com, Mk12345, Mk12345)</a> <!-- method navigator-link -->
                      </span>
                      <br/>
                      <span>
                        <img src="failed.png" width="3%"/>
                        <a href="#" panel-name="suite-Command_line_suite" title="TestNGClass" class="method navigator-link" hash-for-method="signUpRegister(Moustafa, aly, 01007100248, moustafa.k.al2y104@gmail.com, Mk12345, Mk12345)">signUpRegister(Moustafa, aly, 01007100248, moustafa.k.al2y104@gmail.com, Mk12345, Mk12345)</a> <!-- method navigator-link -->
                      </span>
                      <br/>
                      <span>
                        <img src="failed.png" width="3%"/>
                        <a href="#" panel-name="suite-Command_line_suite" title="TestNGClass" class="method navigator-link" hash-for-method="signUpRegister(Moustafz, Aly, 01007100243, moustafa.k.aaly200@gmail.com, Mk12345, Mk12345)">signUpRegister(Moustafz, Aly, 01007100243, moustafa.k.aaly200@gmail.com, Mk12345, Mk12345)</a> <!-- method navigator-link -->
                      </span>
                      <br/>
                      <span>
                        <img src="failed.png" width="3%"/>
                        <a href="#" panel-name="suite-Command_line_suite" title="TestNGClass" class="method navigator-link" hash-for-method="signUpRegister(Moustafa, Aly, 01007100259, moustafa.k.2aly115gmail.com, Mk12345, Mk12345)">signUpRegister(Moustafa, Aly, 01007100259, moustafa.k.2aly115gmail.com, Mk12345, Mk12345)</a> <!-- method navigator-link -->
                      </span>
                      <br/>
                      <span>
                        <img src="failed.png" width="3%"/>
                        <a href="#" panel-name="suite-Command_line_suite" title="TestNGClass" class="method navigator-link" hash-for-method="signUpRegister(moustafa, Aly, 01007100244, moustadfa.k.aly201@gmail.com, Mk12345, Mk12345)">signUpRegister(moustafa, Aly, 01007100244, moustadfa.k.aly201@gmail.com, Mk12345, Mk12345)</a> <!-- method navigator-link -->
                      </span>
                      <br/>
                      <span>
                        <img src="failed.png" width="3%"/>
                        <a href="#" panel-name="suite-Command_line_suite" title="TestNGClass" class="method navigator-link" hash-for-method="signUpRegister(Moustafa, Aly, 01007100261, @gmail.com, Mk12345, Mk12345)">signUpRegister(Moustafa, Aly, 01007100261, @gmail.com, Mk12345, Mk12345)</a> <!-- method navigator-link -->
                      </span>
                      <br/>
                      <span>
                        <img src="failed.png" width="3%"/>
                        <a href="#" panel-name="suite-Command_line_suite" title="TestNGClass" class="method navigator-link" hash-for-method="signUpRegister(Moustafa, Aly, 01007100268, moustafa.k.aly222@gmail.com, Abcdefg, Abpgpgre)">signUpRegister(Moustafa, Aly, 01007100268, moustafa.k.aly222@gmail.com, Abcdefg, Abpgpgre)</a> <!-- method navigator-link -->
                      </span>
                      <br/>
                      <span>
                        <img src="failed.png" width="3%"/>
                        <a href="#" panel-name="suite-Command_line_suite" title="TestNGClass" class="method navigator-link" hash-for-method="signUpRegister(Moustafa, Moustafa, 01007100252, moustafa.k.aly1028@gmail.com, Mk12345, Mk12345)">signUpRegister(Moustafa, Moustafa, 01007100252, moustafa.k.aly1028@gmail.com, Mk12345, Mk12345)</a> <!-- method navigator-link -->
                      </span>
                      <br/>
                      <span>
                        <img src="failed.png" width="3%"/>
                        <a href="#" panel-name="suite-Command_line_suite" title="TestNGClass" class="method navigator-link" hash-for-method="signUpRegister(Moustafa, Aly, 01007a00255, moustafa.k.aly1121@gmail.com, Mk12345, Mk12345)">signUpRegister(Moustafa, Aly, 01007a00255, moustafa.k.aly1121@gmail.com, Mk12345, Mk12345)</a> <!-- method navigator-link -->
                      </span>
                      <br/>
                    </div> <!-- method-list-content failed suite-Command_line_suite -->
                  </li>
                  <li>
                    <span class="method-list-title passed">Passed methods</span>
                    <span class="show-or-hide-methods passed">
                      <a href="#" panel-name="suite-Command_line_suite" class="hide-methods passed suite-Command_line_suite"> (hide)</a> <!-- hide-methods passed suite-Command_line_suite -->
                      <a href="#" panel-name="suite-Command_line_suite" class="show-methods passed suite-Command_line_suite"> (show)</a> <!-- show-methods passed suite-Command_line_suite -->
                    </span>
                    <div class="method-list-content passed suite-Command_line_suite">
                      <span>
                        <img src="passed.png" width="3%"/>
                        <a href="#" panel-name="suite-Command_line_suite" title="SampleTest" class="method navigator-link" hash-for-method="test1">test1</a> <!-- method navigator-link -->
                      </span>
                      <br/>
                    </div> <!-- method-list-content passed suite-Command_line_suite -->
                  </li>
                </ul>
              </div> <!-- suite-section-content -->
            </div> <!-- result-section -->
          </div> <!-- navigator-suite-content -->
        </div> <!-- rounded-window -->
      </div> <!-- suite -->
    </div> <!-- navigator-root -->
    <div class="wrapper">
      <div class="main-panel-root">
        <div panel-name="suite-Command_line_suite" class="panel Command_line_suite">
          <div class="suite-Command_line_suite-class-failed">
            <div class="main-panel-header rounded-window-top">
              <img src="failed.png"/>
              <span class="class-name">TestNGClass</span>
            </div> <!-- main-panel-header rounded-window-top -->
            <div class="main-panel-content rounded-window-bottom">
              <div class="method">
                <div class="method-content">
                  <a name="signUpRegister(Moustafa, Aly, 0100710025&amp;, moustafa.k.al2y110@gmail.com, Mk12345, Mk12345)">
                  </a> <!-- signUpRegister(Moustafa, Aly, 0100710025&, moustafa.k.al2y110@gmail.com, Mk12345, Mk12345) -->
                  <span class="method-name">signUpRegister</span>
                  <span class="parameters">(Moustafa, Aly, 0100710025&, moustafa.k.al2y110@gmail.com, Mk12345, Mk12345)</span>
                  <div class="stack-trace">java.lang.IllegalStateException: The driver executable does not exist: C:\Users\maly\IdeaProjects\TrainingAssignment\chromedriver.exe
	at com.google.common.base.Preconditions.checkState(Preconditions.java:585)
	at org.openqa.selenium.remote.service.DriverService.checkExecutable(DriverService.java:146)
	at org.openqa.selenium.remote.service.DriverService.findExecutable(DriverService.java:141)
	at org.openqa.selenium.chrome.ChromeDriverService.access$000(ChromeDriverService.java:35)
	at org.openqa.selenium.chrome.ChromeDriverService$Builder.findDefaultExecutable(ChromeDriverService.java:159)
	at org.openqa.selenium.remote.service.DriverService$Builder.build(DriverService.java:355)
	at org.openqa.selenium.chrome.ChromeDriverService.createDefaultService(ChromeDriverService.java:94)
	at org.openqa.selenium.chrome.ChromeDriver.&lt;init&gt;(ChromeDriver.java:123)
	at TestNGClass.signUpRegister(TestNGClass.java:110)
	at java.base/java.util.ArrayList.forEach(ArrayList.java:1511)
... Removed 37 stack frames
</div> <!-- stack-trace -->
                </div> <!-- method-content -->
              </div> <!-- method -->
              <div class="method">
                <div class="method-content">
                  <a name="signUpRegister(Moustafa, Aly, 0100710025, moustafa.k.aly1212@gmail.com, Mk12345, Mk12345)">
                  </a> <!-- signUpRegister(Moustafa, Aly, 0100710025, moustafa.k.aly1212@gmail.com, Mk12345, Mk12345) -->
                  <span class="method-name">signUpRegister</span>
                  <span class="parameters">(Moustafa, Aly, 0100710025, moustafa.k.aly1212@gmail.com, Mk12345, Mk12345)</span>
                  <div class="stack-trace">java.lang.IllegalStateException: The driver executable does not exist: C:\Users\maly\IdeaProjects\TrainingAssignment\chromedriver.exe
	at com.google.common.base.Preconditions.checkState(Preconditions.java:585)
	at org.openqa.selenium.remote.service.DriverService.checkExecutable(DriverService.java:146)
	at org.openqa.selenium.remote.service.DriverService.findExecutable(DriverService.java:141)
	at org.openqa.selenium.chrome.ChromeDriverService.access$000(ChromeDriverService.java:35)
	at org.openqa.selenium.chrome.ChromeDriverService$Builder.findDefaultExecutable(ChromeDriverService.java:159)
	at org.openqa.selenium.remote.service.DriverService$Builder.build(DriverService.java:355)
	at org.openqa.selenium.chrome.ChromeDriverService.createDefaultService(ChromeDriverService.java:94)
	at org.openqa.selenium.chrome.ChromeDriver.&lt;init&gt;(ChromeDriver.java:123)
	at TestNGClass.signUpRegister(TestNGClass.java:110)
	at java.base/java.util.ArrayList.forEach(ArrayList.java:1511)
... Removed 37 stack frames
</div> <!-- stack-trace -->
                </div> <!-- method-content -->
              </div> <!-- method -->
              <div class="method">
                <div class="method-content">
                  <a name="signUpRegister(Moustafa, Aly, 01007100263, moustafa.k.aaly200@gmail.com, Mk12345, Mk12345)">
                  </a> <!-- signUpRegister(Moustafa, Aly, 01007100263, moustafa.k.aaly200@gmail.com, Mk12345, Mk12345) -->
                  <span class="method-name">signUpRegister</span>
                  <span class="parameters">(Moustafa, Aly, 01007100263, moustafa.k.aaly200@gmail.com, Mk12345, Mk12345)</span>
                  <div class="stack-trace">java.lang.IllegalStateException: The driver executable does not exist: C:\Users\maly\IdeaProjects\TrainingAssignment\chromedriver.exe
	at com.google.common.base.Preconditions.checkState(Preconditions.java:585)
	at org.openqa.selenium.remote.service.DriverService.checkExecutable(DriverService.java:146)
	at org.openqa.selenium.remote.service.DriverService.findExecutable(DriverService.java:141)
	at org.openqa.selenium.chrome.ChromeDriverService.access$000(ChromeDriverService.java:35)
	at org.openqa.selenium.chrome.ChromeDriverService$Builder.findDefaultExecutable(ChromeDriverService.java:159)
	at org.openqa.selenium.remote.service.DriverService$Builder.build(DriverService.java:355)
	at org.openqa.selenium.chrome.ChromeDriverService.createDefaultService(ChromeDriverService.java:94)
	at org.openqa.selenium.chrome.ChromeDriver.&lt;init&gt;(ChromeDriver.java:123)
	at TestNGClass.signUpRegister(TestNGClass.java:110)
	at java.base/java.util.ArrayList.forEach(ArrayList.java:1511)
... Removed 36 stack frames
</div> <!-- stack-trace -->
                </div> <!-- method-content -->
              </div> <!-- method -->
              <div class="method">
                <div class="method-content">
                  <a name="signUpRegister(Moustafa, Aly1, 01007100251, moustafa.k.aly2107@gmail.com, Mk12345, Mk12345)">
                  </a> <!-- signUpRegister(Moustafa, Aly1, 01007100251, moustafa.k.aly2107@gmail.com, Mk12345, Mk12345) -->
                  <span class="method-name">signUpRegister</span>
                  <span class="parameters">(Moustafa, Aly1, 01007100251, moustafa.k.aly2107@gmail.com, Mk12345, Mk12345)</span>
                  <div class="stack-trace">java.lang.IllegalStateException: The driver executable does not exist: C:\Users\maly\IdeaProjects\TrainingAssignment\chromedriver.exe
	at com.google.common.base.Preconditions.checkState(Preconditions.java:585)
	at org.openqa.selenium.remote.service.DriverService.checkExecutable(DriverService.java:146)
	at org.openqa.selenium.remote.service.DriverService.findExecutable(DriverService.java:141)
	at org.openqa.selenium.chrome.ChromeDriverService.access$000(ChromeDriverService.java:35)
	at org.openqa.selenium.chrome.ChromeDriverService$Builder.findDefaultExecutable(ChromeDriverService.java:159)
	at org.openqa.selenium.remote.service.DriverService$Builder.build(DriverService.java:355)
	at org.openqa.selenium.chrome.ChromeDriverService.createDefaultService(ChromeDriverService.java:94)
	at org.openqa.selenium.chrome.ChromeDriver.&lt;init&gt;(ChromeDriver.java:123)
	at TestNGClass.signUpRegister(TestNGClass.java:110)
	at java.base/java.util.ArrayList.forEach(ArrayList.java:1511)
... Removed 37 stack frames
</div> <!-- stack-trace -->
                </div> <!-- method-content -->
              </div> <!-- method -->
              <div class="method">
                <div class="method-content">
                  <a name="signUpRegister(Moustafa, Aly, 01007100264, , Mk12345, Mk12345)">
                  </a> <!-- signUpRegister(Moustafa, Aly, 01007100264, , Mk12345, Mk12345) -->
                  <span class="method-name">signUpRegister</span>
                  <span class="parameters">(Moustafa, Aly, 01007100264, , Mk12345, Mk12345)</span>
                  <div class="stack-trace">java.lang.IllegalStateException: The driver executable does not exist: C:\Users\maly\IdeaProjects\TrainingAssignment\chromedriver.exe
	at com.google.common.base.Preconditions.checkState(Preconditions.java:585)
	at org.openqa.selenium.remote.service.DriverService.checkExecutable(DriverService.java:146)
	at org.openqa.selenium.remote.service.DriverService.findExecutable(DriverService.java:141)
	at org.openqa.selenium.chrome.ChromeDriverService.access$000(ChromeDriverService.java:35)
	at org.openqa.selenium.chrome.ChromeDriverService$Builder.findDefaultExecutable(ChromeDriverService.java:159)
	at org.openqa.selenium.remote.service.DriverService$Builder.build(DriverService.java:355)
	at org.openqa.selenium.chrome.ChromeDriverService.createDefaultService(ChromeDriverService.java:94)
	at org.openqa.selenium.chrome.ChromeDriver.&lt;init&gt;(ChromeDriver.java:123)
	at TestNGClass.signUpRegister(TestNGClass.java:110)
	at java.base/java.util.ArrayList.forEach(ArrayList.java:1511)
... Removed 36 stack frames
</div> <!-- stack-trace -->
                </div> <!-- method-content -->
              </div> <!-- method -->
              <div class="method">
                <div class="method-content">
                  <a name="signUpRegister(Moustafa, Aly, 01007100265, moustafa.k.aly1219@gmail.com, abcdefg, abcdefg)">
                  </a> <!-- signUpRegister(Moustafa, Aly, 01007100265, moustafa.k.aly1219@gmail.com, abcdefg, abcdefg) -->
                  <span class="method-name">signUpRegister</span>
                  <span class="parameters">(Moustafa, Aly, 01007100265, moustafa.k.aly1219@gmail.com, abcdefg, abcdefg)</span>
                  <div class="stack-trace">java.lang.IllegalStateException: The driver executable does not exist: C:\Users\maly\IdeaProjects\TrainingAssignment\chromedriver.exe
	at com.google.common.base.Preconditions.checkState(Preconditions.java:585)
	at org.openqa.selenium.remote.service.DriverService.checkExecutable(DriverService.java:146)
	at org.openqa.selenium.remote.service.DriverService.findExecutable(DriverService.java:141)
	at org.openqa.selenium.chrome.ChromeDriverService.access$000(ChromeDriverService.java:35)
	at org.openqa.selenium.chrome.ChromeDriverService$Builder.findDefaultExecutable(ChromeDriverService.java:159)
	at org.openqa.selenium.remote.service.DriverService$Builder.build(DriverService.java:355)
	at org.openqa.selenium.chrome.ChromeDriverService.createDefaultService(ChromeDriverService.java:94)
	at org.openqa.selenium.chrome.ChromeDriver.&lt;init&gt;(ChromeDriver.java:123)
	at TestNGClass.signUpRegister(TestNGClass.java:110)
	at java.base/java.util.ArrayList.forEach(ArrayList.java:1511)
... Removed 36 stack frames
</div> <!-- stack-trace -->
                </div> <!-- method-content -->
              </div> <!-- method -->
              <div class="method">
                <div class="method-content">
                  <a name="signUpRegister(Moustafa, , 01007100249, moustafa.k.aly1205@gmail.com, Mk12345, Mk12345)">
                  </a> <!-- signUpRegister(Moustafa, , 01007100249, moustafa.k.aly1205@gmail.com, Mk12345, Mk12345) -->
                  <span class="method-name">signUpRegister</span>
                  <span class="parameters">(Moustafa, , 01007100249, moustafa.k.aly1205@gmail.com, Mk12345, Mk12345)</span>
                  <div class="stack-trace">java.lang.IllegalStateException: The driver executable does not exist: C:\Users\maly\IdeaProjects\TrainingAssignment\chromedriver.exe
	at com.google.common.base.Preconditions.checkState(Preconditions.java:585)
	at org.openqa.selenium.remote.service.DriverService.checkExecutable(DriverService.java:146)
	at org.openqa.selenium.remote.service.DriverService.findExecutable(DriverService.java:141)
	at org.openqa.selenium.chrome.ChromeDriverService.access$000(ChromeDriverService.java:35)
	at org.openqa.selenium.chrome.ChromeDriverService$Builder.findDefaultExecutable(ChromeDriverService.java:159)
	at org.openqa.selenium.remote.service.DriverService$Builder.build(DriverService.java:355)
	at org.openqa.selenium.chrome.ChromeDriverService.createDefaultService(ChromeDriverService.java:94)
	at org.openqa.selenium.chrome.ChromeDriver.&lt;init&gt;(ChromeDriver.java:123)
	at TestNGClass.signUpRegister(TestNGClass.java:110)
	at java.base/java.util.ArrayList.forEach(ArrayList.java:1511)
... Removed 37 stack frames
</div> <!-- stack-trace -->
                </div> <!-- method-content -->
              </div> <!-- method -->
              <div class="method">
                <div class="method-content">
                  <a name="signUpRegister(Moustafa, Aly, abdjdflsfjea, moustafa.k.aly2109@gmail.com, Mk12345, Mk12345)">
                  </a> <!-- signUpRegister(Moustafa, Aly, abdjdflsfjea, moustafa.k.aly2109@gmail.com, Mk12345, Mk12345) -->
                  <span class="method-name">signUpRegister</span>
                  <span class="parameters">(Moustafa, Aly, abdjdflsfjea, moustafa.k.aly2109@gmail.com, Mk12345, Mk12345)</span>
                  <div class="stack-trace">java.lang.IllegalStateException: The driver executable does not exist: C:\Users\maly\IdeaProjects\TrainingAssignment\chromedriver.exe
	at com.google.common.base.Preconditions.checkState(Preconditions.java:585)
	at org.openqa.selenium.remote.service.DriverService.checkExecutable(DriverService.java:146)
	at org.openqa.selenium.remote.service.DriverService.findExecutable(DriverService.java:141)
	at org.openqa.selenium.chrome.ChromeDriverService.access$000(ChromeDriverService.java:35)
	at org.openqa.selenium.chrome.ChromeDriverService$Builder.findDefaultExecutable(ChromeDriverService.java:159)
	at org.openqa.selenium.remote.service.DriverService$Builder.build(DriverService.java:355)
	at org.openqa.selenium.chrome.ChromeDriverService.createDefaultService(ChromeDriverService.java:94)
	at org.openqa.selenium.chrome.ChromeDriver.&lt;init&gt;(ChromeDriver.java:123)
	at TestNGClass.signUpRegister(TestNGClass.java:110)
	at java.base/java.util.ArrayList.forEach(ArrayList.java:1511)
... Removed 37 stack frames
</div> <!-- stack-trace -->
                </div> <!-- method-content -->
              </div> <!-- method -->
              <div class="method">
                <div class="method-content">
                  <a name="signUpRegister(Moustafa, Aly, 01007100266, moustafa.k.aly1220@gmail.com, ABCDEFH, ABCDEFH)">
                  </a> <!-- signUpRegister(Moustafa, Aly, 01007100266, moustafa.k.aly1220@gmail.com, ABCDEFH, ABCDEFH) -->
                  <span class="method-name">signUpRegister</span>
                  <span class="parameters">(Moustafa, Aly, 01007100266, moustafa.k.aly1220@gmail.com, ABCDEFH, ABCDEFH)</span>
                  <div class="stack-trace">java.lang.IllegalStateException: The driver executable does not exist: C:\Users\maly\IdeaProjects\TrainingAssignment\chromedriver.exe
	at com.google.common.base.Preconditions.checkState(Preconditions.java:585)
	at org.openqa.selenium.remote.service.DriverService.checkExecutable(DriverService.java:146)
	at org.openqa.selenium.remote.service.DriverService.findExecutable(DriverService.java:141)
	at org.openqa.selenium.chrome.ChromeDriverService.access$000(ChromeDriverService.java:35)
	at org.openqa.selenium.chrome.ChromeDriverService$Builder.findDefaultExecutable(ChromeDriverService.java:159)
	at org.openqa.selenium.remote.service.DriverService$Builder.build(DriverService.java:355)
	at org.openqa.selenium.chrome.ChromeDriverService.createDefaultService(ChromeDriverService.java:94)
	at org.openqa.selenium.chrome.ChromeDriver.&lt;init&gt;(ChromeDriver.java:123)
	at TestNGClass.signUpRegister(TestNGClass.java:110)
	at java.base/java.util.ArrayList.forEach(ArrayList.java:1511)
... Removed 36 stack frames
</div> <!-- stack-trace -->
                </div> <!-- method-content -->
              </div> <!-- method -->
              <div class="method">
                <div class="method-content">
                  <a name="signUpRegister(Moustafa@, Aly, 01007100246, moustafa.k.aly1203@gmail.com, Mk12345, Mk12345)">
                  </a> <!-- signUpRegister(Moustafa@, Aly, 01007100246, moustafa.k.aly1203@gmail.com, Mk12345, Mk12345) -->
                  <span class="method-name">signUpRegister</span>
                  <span class="parameters">(Moustafa@, Aly, 01007100246, moustafa.k.aly1203@gmail.com, Mk12345, Mk12345)</span>
                  <div class="stack-trace">java.lang.IllegalStateException: The driver executable does not exist: C:\Users\maly\IdeaProjects\TrainingAssignment\chromedriver.exe
	at com.google.common.base.Preconditions.checkState(Preconditions.java:585)
	at org.openqa.selenium.remote.service.DriverService.checkExecutable(DriverService.java:146)
	at org.openqa.selenium.remote.service.DriverService.findExecutable(DriverService.java:141)
	at org.openqa.selenium.chrome.ChromeDriverService.access$000(ChromeDriverService.java:35)
	at org.openqa.selenium.chrome.ChromeDriverService$Builder.findDefaultExecutable(ChromeDriverService.java:159)
	at org.openqa.selenium.remote.service.DriverService$Builder.build(DriverService.java:355)
	at org.openqa.selenium.chrome.ChromeDriverService.createDefaultService(ChromeDriverService.java:94)
	at org.openqa.selenium.chrome.ChromeDriver.&lt;init&gt;(ChromeDriver.java:123)
	at TestNGClass.signUpRegister(TestNGClass.java:110)
	at java.base/java.util.ArrayList.forEach(ArrayList.java:1511)
... Removed 37 stack frames
</div> <!-- stack-trace -->
                </div> <!-- method-content -->
              </div> <!-- method -->
              <div class="method">
                <div class="method-content">
                  <a name="signUpRegister(Moustafa, Aly, 01007100262, moustafa.k.aly117, Mk12345, Mk12345)">
                  </a> <!-- signUpRegister(Moustafa, Aly, 01007100262, moustafa.k.aly117, Mk12345, Mk12345) -->
                  <span class="method-name">signUpRegister</span>
                  <span class="parameters">(Moustafa, Aly, 01007100262, moustafa.k.aly117, Mk12345, Mk12345)</span>
                  <div class="stack-trace">java.lang.IllegalStateException: The driver executable does not exist: C:\Users\maly\IdeaProjects\TrainingAssignment\chromedriver.exe
	at com.google.common.base.Preconditions.checkState(Preconditions.java:585)
	at org.openqa.selenium.remote.service.DriverService.checkExecutable(DriverService.java:146)
	at org.openqa.selenium.remote.service.DriverService.findExecutable(DriverService.java:141)
	at org.openqa.selenium.chrome.ChromeDriverService.access$000(ChromeDriverService.java:35)
	at org.openqa.selenium.chrome.ChromeDriverService$Builder.findDefaultExecutable(ChromeDriverService.java:159)
	at org.openqa.selenium.remote.service.DriverService$Builder.build(DriverService.java:355)
	at org.openqa.selenium.chrome.ChromeDriverService.createDefaultService(ChromeDriverService.java:94)
	at org.openqa.selenium.chrome.ChromeDriver.&lt;init&gt;(ChromeDriver.java:123)
	at TestNGClass.signUpRegister(TestNGClass.java:110)
	at java.base/java.util.ArrayList.forEach(ArrayList.java:1511)
... Removed 36 stack frames
</div> <!-- stack-trace -->
                </div> <!-- method-content -->
              </div> <!-- method -->
              <div class="method">
                <div class="method-content">
                  <a name="signUpRegister(Moustafa, Aly, 01007100260, moustafa.k.aly116@, Mk12345, Mk12345)">
                  </a> <!-- signUpRegister(Moustafa, Aly, 01007100260, moustafa.k.aly116@, Mk12345, Mk12345) -->
                  <span class="method-name">signUpRegister</span>
                  <span class="parameters">(Moustafa, Aly, 01007100260, moustafa.k.aly116@, Mk12345, Mk12345)</span>
                  <div class="stack-trace">java.lang.IllegalStateException: The driver executable does not exist: C:\Users\maly\IdeaProjects\TrainingAssignment\chromedriver.exe
	at com.google.common.base.Preconditions.checkState(Preconditions.java:585)
	at org.openqa.selenium.remote.service.DriverService.checkExecutable(DriverService.java:146)
	at org.openqa.selenium.remote.service.DriverService.findExecutable(DriverService.java:141)
	at org.openqa.selenium.chrome.ChromeDriverService.access$000(ChromeDriverService.java:35)
	at org.openqa.selenium.chrome.ChromeDriverService$Builder.findDefaultExecutable(ChromeDriverService.java:159)
	at org.openqa.selenium.remote.service.DriverService$Builder.build(DriverService.java:355)
	at org.openqa.selenium.chrome.ChromeDriverService.createDefaultService(ChromeDriverService.java:94)
	at org.openqa.selenium.chrome.ChromeDriver.&lt;init&gt;(ChromeDriver.java:123)
	at TestNGClass.signUpRegister(TestNGClass.java:110)
	at java.base/java.util.ArrayList.forEach(ArrayList.java:1511)
... Removed 36 stack frames
</div> <!-- stack-trace -->
                </div> <!-- method-content -->
              </div> <!-- method -->
              <div class="method">
                <div class="method-content">
                  <a name="signUpRegister(, Aly, 01007100245, moustafa.k.aly1022@gmail.com, Mk12345, Mk12345)">
                  </a> <!-- signUpRegister(, Aly, 01007100245, moustafa.k.aly1022@gmail.com, Mk12345, Mk12345) -->
                  <span class="method-name">signUpRegister</span>
                  <span class="parameters">(, Aly, 01007100245, moustafa.k.aly1022@gmail.com, Mk12345, Mk12345)</span>
                  <div class="stack-trace">java.lang.IllegalStateException: The driver executable does not exist: C:\Users\maly\IdeaProjects\TrainingAssignment\chromedriver.exe
	at com.google.common.base.Preconditions.checkState(Preconditions.java:585)
	at org.openqa.selenium.remote.service.DriverService.checkExecutable(DriverService.java:146)
	at org.openqa.selenium.remote.service.DriverService.findExecutable(DriverService.java:141)
	at org.openqa.selenium.chrome.ChromeDriverService.access$000(ChromeDriverService.java:35)
	at org.openqa.selenium.chrome.ChromeDriverService$Builder.findDefaultExecutable(ChromeDriverService.java:159)
	at org.openqa.selenium.remote.service.DriverService$Builder.build(DriverService.java:355)
	at org.openqa.selenium.chrome.ChromeDriverService.createDefaultService(ChromeDriverService.java:94)
	at org.openqa.selenium.chrome.ChromeDriver.&lt;init&gt;(ChromeDriver.java:123)
	at TestNGClass.signUpRegister(TestNGClass.java:110)
	at java.base/java.util.ArrayList.forEach(ArrayList.java:1511)
... Removed 37 stack frames
</div> <!-- stack-trace -->
                </div> <!-- method-content -->
              </div> <!-- method -->
              <div class="method">
                <div class="method-content">
                  <a name="signUpRegister(Moustafa, Aly, 01007100267, moustafa.k.aly221@gmail.com, AbcdefgDK, AbcdefgDK)">
                  </a> <!-- signUpRegister(Moustafa, Aly, 01007100267, moustafa.k.aly221@gmail.com, AbcdefgDK, AbcdefgDK) -->
                  <span class="method-name">signUpRegister</span>
                  <span class="parameters">(Moustafa, Aly, 01007100267, moustafa.k.aly221@gmail.com, AbcdefgDK, AbcdefgDK)</span>
                  <div class="stack-trace">java.lang.IllegalStateException: The driver executable does not exist: C:\Users\maly\IdeaProjects\TrainingAssignment\chromedriver.exe
	at com.google.common.base.Preconditions.checkState(Preconditions.java:585)
	at org.openqa.selenium.remote.service.DriverService.checkExecutable(DriverService.java:146)
	at org.openqa.selenium.remote.service.DriverService.findExecutable(DriverService.java:141)
	at org.openqa.selenium.chrome.ChromeDriverService.access$000(ChromeDriverService.java:35)
	at org.openqa.selenium.chrome.ChromeDriverService$Builder.findDefaultExecutable(ChromeDriverService.java:159)
	at org.openqa.selenium.remote.service.DriverService$Builder.build(DriverService.java:355)
	at org.openqa.selenium.chrome.ChromeDriverService.createDefaultService(ChromeDriverService.java:94)
	at org.openqa.selenium.chrome.ChromeDriver.&lt;init&gt;(ChromeDriver.java:123)
	at TestNGClass.signUpRegister(TestNGClass.java:110)
	at java.base/java.util.ArrayList.forEach(ArrayList.java:1511)
... Removed 36 stack frames
</div> <!-- stack-trace -->
                </div> <!-- method-content -->
              </div> <!-- method -->
              <div class="method">
                <div class="method-content">
                  <a name="signUpRegister(Moustafa, Aly, 01007100270, moustafa.k.aly224@gmail.com, Abcdefg, )">
                  </a> <!-- signUpRegister(Moustafa, Aly, 01007100270, moustafa.k.aly224@gmail.com, Abcdefg, ) -->
                  <span class="method-name">signUpRegister</span>
                  <span class="parameters">(Moustafa, Aly, 01007100270, moustafa.k.aly224@gmail.com, Abcdefg, )</span>
                  <div class="stack-trace">java.lang.IllegalStateException: The driver executable does not exist: C:\Users\maly\IdeaProjects\TrainingAssignment\chromedriver.exe
	at com.google.common.base.Preconditions.checkState(Preconditions.java:585)
	at org.openqa.selenium.remote.service.DriverService.checkExecutable(DriverService.java:146)
	at org.openqa.selenium.remote.service.DriverService.findExecutable(DriverService.java:141)
	at org.openqa.selenium.chrome.ChromeDriverService.access$000(ChromeDriverService.java:35)
	at org.openqa.selenium.chrome.ChromeDriverService$Builder.findDefaultExecutable(ChromeDriverService.java:159)
	at org.openqa.selenium.remote.service.DriverService$Builder.build(DriverService.java:355)
	at org.openqa.selenium.chrome.ChromeDriverService.createDefaultService(ChromeDriverService.java:94)
	at org.openqa.selenium.chrome.ChromeDriver.&lt;init&gt;(ChromeDriver.java:123)
	at TestNGClass.signUpRegister(TestNGClass.java:110)
	at java.base/java.util.ArrayList.forEach(ArrayList.java:1511)
... Removed 36 stack frames
</div> <!-- stack-trace -->
                </div> <!-- method-content -->
              </div> <!-- method -->
              <div class="method">
                <div class="method-content">
                  <a name="signUpRegister(null, null, null, null, null, null)">
                  </a> <!-- signUpRegister(null, null, null, null, null, null) -->
                  <span class="method-name">signUpRegister</span>
                  <span class="parameters">(null, null, null, null, null, null)</span>
                  <div class="stack-trace">java.lang.IllegalStateException: The driver executable does not exist: C:\Users\maly\IdeaProjects\TrainingAssignment\chromedriver.exe
	at com.google.common.base.Preconditions.checkState(Preconditions.java:585)
	at org.openqa.selenium.remote.service.DriverService.checkExecutable(DriverService.java:146)
	at org.openqa.selenium.remote.service.DriverService.findExecutable(DriverService.java:141)
	at org.openqa.selenium.chrome.ChromeDriverService.access$000(ChromeDriverService.java:35)
	at org.openqa.selenium.chrome.ChromeDriverService$Builder.findDefaultExecutable(ChromeDriverService.java:159)
	at org.openqa.selenium.remote.service.DriverService$Builder.build(DriverService.java:355)
	at org.openqa.selenium.chrome.ChromeDriverService.createDefaultService(ChromeDriverService.java:94)
	at org.openqa.selenium.chrome.ChromeDriver.&lt;init&gt;(ChromeDriver.java:123)
	at TestNGClass.signUpRegister(TestNGClass.java:110)
	at java.base/java.util.ArrayList.forEach(ArrayList.java:1511)
... Removed 36 stack frames
</div> <!-- stack-trace -->
                </div> <!-- method-content -->
              </div> <!-- method -->
              <div class="method">
                <div class="method-content">
                  <a name="signUpRegister(Moustafa, Aly*, 01007100250, moustafa.k.aly1206@gmail.com, Mk12345, Mk12345)">
                  </a> <!-- signUpRegister(Moustafa, Aly*, 01007100250, moustafa.k.aly1206@gmail.com, Mk12345, Mk12345) -->
                  <span class="method-name">signUpRegister</span>
                  <span class="parameters">(Moustafa, Aly*, 01007100250, moustafa.k.aly1206@gmail.com, Mk12345, Mk12345)</span>
                  <div class="stack-trace">java.lang.IllegalStateException: The driver executable does not exist: C:\Users\maly\IdeaProjects\TrainingAssignment\chromedriver.exe
	at com.google.common.base.Preconditions.checkState(Preconditions.java:585)
	at org.openqa.selenium.remote.service.DriverService.checkExecutable(DriverService.java:146)
	at org.openqa.selenium.remote.service.DriverService.findExecutable(DriverService.java:141)
	at org.openqa.selenium.chrome.ChromeDriverService.access$000(ChromeDriverService.java:35)
	at org.openqa.selenium.chrome.ChromeDriverService$Builder.findDefaultExecutable(ChromeDriverService.java:159)
	at org.openqa.selenium.remote.service.DriverService$Builder.build(DriverService.java:355)
	at org.openqa.selenium.chrome.ChromeDriverService.createDefaultService(ChromeDriverService.java:94)
	at org.openqa.selenium.chrome.ChromeDriver.&lt;init&gt;(ChromeDriver.java:123)
	at TestNGClass.signUpRegister(TestNGClass.java:110)
	at java.base/java.util.ArrayList.forEach(ArrayList.java:1511)
... Removed 37 stack frames
</div> <!-- stack-trace -->
                </div> <!-- method-content -->
              </div> <!-- method -->
              <div class="method">
                <div class="method-content">
                  <a name="signUpRegister(Moustafa, Aly, , moustafa.k.aly1214@gmail.com, Mk12345, Mk12345)">
                  </a> <!-- signUpRegister(Moustafa, Aly, , moustafa.k.aly1214@gmail.com, Mk12345, Mk12345) -->
                  <span class="method-name">signUpRegister</span>
                  <span class="parameters">(Moustafa, Aly, , moustafa.k.aly1214@gmail.com, Mk12345, Mk12345)</span>
                  <div class="stack-trace">java.lang.IllegalStateException: The driver executable does not exist: C:\Users\maly\IdeaProjects\TrainingAssignment\chromedriver.exe
	at com.google.common.base.Preconditions.checkState(Preconditions.java:585)
	at org.openqa.selenium.remote.service.DriverService.checkExecutable(DriverService.java:146)
	at org.openqa.selenium.remote.service.DriverService.findExecutable(DriverService.java:141)
	at org.openqa.selenium.chrome.ChromeDriverService.access$000(ChromeDriverService.java:35)
	at org.openqa.selenium.chrome.ChromeDriverService$Builder.findDefaultExecutable(ChromeDriverService.java:159)
	at org.openqa.selenium.remote.service.DriverService$Builder.build(DriverService.java:355)
	at org.openqa.selenium.chrome.ChromeDriverService.createDefaultService(ChromeDriverService.java:94)
	at org.openqa.selenium.chrome.ChromeDriver.&lt;init&gt;(ChromeDriver.java:123)
	at TestNGClass.signUpRegister(TestNGClass.java:110)
	at java.base/java.util.ArrayList.forEach(ArrayList.java:1511)
... Removed 37 stack frames
</div> <!-- stack-trace -->
                </div> <!-- method-content -->
              </div> <!-- method -->
              <div class="method">
                <div class="method-content">
                  <a name="signUpRegister(Moustafa1, Aly, 01007100247, moustafa.k.aly1042@gmail.com, Mk12345, Mk12345)">
                  </a> <!-- signUpRegister(Moustafa1, Aly, 01007100247, moustafa.k.aly1042@gmail.com, Mk12345, Mk12345) -->
                  <span class="method-name">signUpRegister</span>
                  <span class="parameters">(Moustafa1, Aly, 01007100247, moustafa.k.aly1042@gmail.com, Mk12345, Mk12345)</span>
                  <div class="stack-trace">java.lang.IllegalStateException: The driver executable does not exist: C:\Users\maly\IdeaProjects\TrainingAssignment\chromedriver.exe
	at com.google.common.base.Preconditions.checkState(Preconditions.java:585)
	at org.openqa.selenium.remote.service.DriverService.checkExecutable(DriverService.java:146)
	at org.openqa.selenium.remote.service.DriverService.findExecutable(DriverService.java:141)
	at org.openqa.selenium.chrome.ChromeDriverService.access$000(ChromeDriverService.java:35)
	at org.openqa.selenium.chrome.ChromeDriverService$Builder.findDefaultExecutable(ChromeDriverService.java:159)
	at org.openqa.selenium.remote.service.DriverService$Builder.build(DriverService.java:355)
	at org.openqa.selenium.chrome.ChromeDriverService.createDefaultService(ChromeDriverService.java:94)
	at org.openqa.selenium.chrome.ChromeDriver.&lt;init&gt;(ChromeDriver.java:123)
	at TestNGClass.signUpRegister(TestNGClass.java:110)
	at java.base/java.util.ArrayList.forEach(ArrayList.java:1511)
... Removed 37 stack frames
</div> <!-- stack-trace -->
                </div> <!-- method-content -->
              </div> <!-- method -->
              <div class="method">
                <div class="method-content">
                  <a name="signUpRegister(Moustafa, Aly, 01007100271, moustafa.k.aly1225@gmail.com, Abcde, Abcde)">
                  </a> <!-- signUpRegister(Moustafa, Aly, 01007100271, moustafa.k.aly1225@gmail.com, Abcde, Abcde) -->
                  <span class="method-name">signUpRegister</span>
                  <span class="parameters">(Moustafa, Aly, 01007100271, moustafa.k.aly1225@gmail.com, Abcde, Abcde)</span>
                  <div class="stack-trace">java.lang.IllegalStateException: The driver executable does not exist: C:\Users\maly\IdeaProjects\TrainingAssignment\chromedriver.exe
	at com.google.common.base.Preconditions.checkState(Preconditions.java:585)
	at org.openqa.selenium.remote.service.DriverService.checkExecutable(DriverService.java:146)
	at org.openqa.selenium.remote.service.DriverService.findExecutable(DriverService.java:141)
	at org.openqa.selenium.chrome.ChromeDriverService.access$000(ChromeDriverService.java:35)
	at org.openqa.selenium.chrome.ChromeDriverService$Builder.findDefaultExecutable(ChromeDriverService.java:159)
	at org.openqa.selenium.remote.service.DriverService$Builder.build(DriverService.java:355)
	at org.openqa.selenium.chrome.ChromeDriverService.createDefaultService(ChromeDriverService.java:94)
	at org.openqa.selenium.chrome.ChromeDriver.&lt;init&gt;(ChromeDriver.java:123)
	at TestNGClass.signUpRegister(TestNGClass.java:110)
	at java.base/java.util.ArrayList.forEach(ArrayList.java:1511)
... Removed 36 stack frames
</div> <!-- stack-trace -->
                </div> <!-- method-content -->
              </div> <!-- method -->
              <div class="method">
                <div class="method-content">
                  <a name="signUpRegister(Moustafa, Aly, 01007100269, moustafa.k.aly223@gmail.com, , Abcdefg)">
                  </a> <!-- signUpRegister(Moustafa, Aly, 01007100269, moustafa.k.aly223@gmail.com, , Abcdefg) -->
                  <span class="method-name">signUpRegister</span>
                  <span class="parameters">(Moustafa, Aly, 01007100269, moustafa.k.aly223@gmail.com, , Abcdefg)</span>
                  <div class="stack-trace">java.lang.IllegalStateException: The driver executable does not exist: C:\Users\maly\IdeaProjects\TrainingAssignment\chromedriver.exe
	at com.google.common.base.Preconditions.checkState(Preconditions.java:585)
	at org.openqa.selenium.remote.service.DriverService.checkExecutable(DriverService.java:146)
	at org.openqa.selenium.remote.service.DriverService.findExecutable(DriverService.java:141)
	at org.openqa.selenium.chrome.ChromeDriverService.access$000(ChromeDriverService.java:35)
	at org.openqa.selenium.chrome.ChromeDriverService$Builder.findDefaultExecutable(ChromeDriverService.java:159)
	at org.openqa.selenium.remote.service.DriverService$Builder.build(DriverService.java:355)
	at org.openqa.selenium.chrome.ChromeDriverService.createDefaultService(ChromeDriverService.java:94)
	at org.openqa.selenium.chrome.ChromeDriver.&lt;init&gt;(ChromeDriver.java:123)
	at TestNGClass.signUpRegister(TestNGClass.java:110)
	at java.base/java.util.ArrayList.forEach(ArrayList.java:1511)
... Removed 36 stack frames
</div> <!-- stack-trace -->
                </div> <!-- method-content -->
              </div> <!-- method -->
              <div class="method">
                <div class="method-content">
                  <a name="signUpRegister(Moustafa, Aly, 010071002578, moustafa.k.aly1213@gmail.com, Mk12345, Mk12345)">
                  </a> <!-- signUpRegister(Moustafa, Aly, 010071002578, moustafa.k.aly1213@gmail.com, Mk12345, Mk12345) -->
                  <span class="method-name">signUpRegister</span>
                  <span class="parameters">(Moustafa, Aly, 010071002578, moustafa.k.aly1213@gmail.com, Mk12345, Mk12345)</span>
                  <div class="stack-trace">java.lang.IllegalStateException: The driver executable does not exist: C:\Users\maly\IdeaProjects\TrainingAssignment\chromedriver.exe
	at com.google.common.base.Preconditions.checkState(Preconditions.java:585)
	at org.openqa.selenium.remote.service.DriverService.checkExecutable(DriverService.java:146)
	at org.openqa.selenium.remote.service.DriverService.findExecutable(DriverService.java:141)
	at org.openqa.selenium.chrome.ChromeDriverService.access$000(ChromeDriverService.java:35)
	at org.openqa.selenium.chrome.ChromeDriverService$Builder.findDefaultExecutable(ChromeDriverService.java:159)
	at org.openqa.selenium.remote.service.DriverService$Builder.build(DriverService.java:355)
	at org.openqa.selenium.chrome.ChromeDriverService.createDefaultService(ChromeDriverService.java:94)
	at org.openqa.selenium.chrome.ChromeDriver.&lt;init&gt;(ChromeDriver.java:123)
	at TestNGClass.signUpRegister(TestNGClass.java:110)
	at java.base/java.util.ArrayList.forEach(ArrayList.java:1511)
... Removed 37 stack frames
</div> <!-- stack-trace -->
                </div> <!-- method-content -->
              </div> <!-- method -->
              <div class="method">
                <div class="method-content">
                  <a name="signUpRegister(Moustafa, aly, 01007100248, moustafa.k.al2y104@gmail.com, Mk12345, Mk12345)">
                  </a> <!-- signUpRegister(Moustafa, aly, 01007100248, moustafa.k.al2y104@gmail.com, Mk12345, Mk12345) -->
                  <span class="method-name">signUpRegister</span>
                  <span class="parameters">(Moustafa, aly, 01007100248, moustafa.k.al2y104@gmail.com, Mk12345, Mk12345)</span>
                  <div class="stack-trace">java.lang.IllegalStateException: The driver executable does not exist: C:\Users\maly\IdeaProjects\TrainingAssignment\chromedriver.exe
	at com.google.common.base.Preconditions.checkState(Preconditions.java:585)
	at org.openqa.selenium.remote.service.DriverService.checkExecutable(DriverService.java:146)
	at org.openqa.selenium.remote.service.DriverService.findExecutable(DriverService.java:141)
	at org.openqa.selenium.chrome.ChromeDriverService.access$000(ChromeDriverService.java:35)
	at org.openqa.selenium.chrome.ChromeDriverService$Builder.findDefaultExecutable(ChromeDriverService.java:159)
	at org.openqa.selenium.remote.service.DriverService$Builder.build(DriverService.java:355)
	at org.openqa.selenium.chrome.ChromeDriverService.createDefaultService(ChromeDriverService.java:94)
	at org.openqa.selenium.chrome.ChromeDriver.&lt;init&gt;(ChromeDriver.java:123)
	at TestNGClass.signUpRegister(TestNGClass.java:110)
	at java.base/java.util.ArrayList.forEach(ArrayList.java:1511)
... Removed 37 stack frames
</div> <!-- stack-trace -->
                </div> <!-- method-content -->
              </div> <!-- method -->
              <div class="method">
                <div class="method-content">
                  <a name="signUpRegister(Moustafz, Aly, 01007100243, moustafa.k.aaly200@gmail.com, Mk12345, Mk12345)">
                  </a> <!-- signUpRegister(Moustafz, Aly, 01007100243, moustafa.k.aaly200@gmail.com, Mk12345, Mk12345) -->
                  <span class="method-name">signUpRegister</span>
                  <span class="parameters">(Moustafz, Aly, 01007100243, moustafa.k.aaly200@gmail.com, Mk12345, Mk12345)</span>
                  <div class="stack-trace">java.lang.IllegalStateException: The driver executable does not exist: C:\Users\maly\IdeaProjects\TrainingAssignment\chromedriver.exe
	at com.google.common.base.Preconditions.checkState(Preconditions.java:585)
	at org.openqa.selenium.remote.service.DriverService.checkExecutable(DriverService.java:146)
	at org.openqa.selenium.remote.service.DriverService.findExecutable(DriverService.java:141)
	at org.openqa.selenium.chrome.ChromeDriverService.access$000(ChromeDriverService.java:35)
	at org.openqa.selenium.chrome.ChromeDriverService$Builder.findDefaultExecutable(ChromeDriverService.java:159)
	at org.openqa.selenium.remote.service.DriverService$Builder.build(DriverService.java:355)
	at org.openqa.selenium.chrome.ChromeDriverService.createDefaultService(ChromeDriverService.java:94)
	at org.openqa.selenium.chrome.ChromeDriver.&lt;init&gt;(ChromeDriver.java:123)
	at TestNGClass.signUpRegister(TestNGClass.java:110)
	at java.base/java.util.ArrayList.forEach(ArrayList.java:1511)
... Removed 37 stack frames
</div> <!-- stack-trace -->
                </div> <!-- method-content -->
              </div> <!-- method -->
              <div class="method">
                <div class="method-content">
                  <a name="signUpRegister(Moustafa, Aly, 01007100259, moustafa.k.2aly115gmail.com, Mk12345, Mk12345)">
                  </a> <!-- signUpRegister(Moustafa, Aly, 01007100259, moustafa.k.2aly115gmail.com, Mk12345, Mk12345) -->
                  <span class="method-name">signUpRegister</span>
                  <span class="parameters">(Moustafa, Aly, 01007100259, moustafa.k.2aly115gmail.com, Mk12345, Mk12345)</span>
                  <div class="stack-trace">java.lang.IllegalStateException: The driver executable does not exist: C:\Users\maly\IdeaProjects\TrainingAssignment\chromedriver.exe
	at com.google.common.base.Preconditions.checkState(Preconditions.java:585)
	at org.openqa.selenium.remote.service.DriverService.checkExecutable(DriverService.java:146)
	at org.openqa.selenium.remote.service.DriverService.findExecutable(DriverService.java:141)
	at org.openqa.selenium.chrome.ChromeDriverService.access$000(ChromeDriverService.java:35)
	at org.openqa.selenium.chrome.ChromeDriverService$Builder.findDefaultExecutable(ChromeDriverService.java:159)
	at org.openqa.selenium.remote.service.DriverService$Builder.build(DriverService.java:355)
	at org.openqa.selenium.chrome.ChromeDriverService.createDefaultService(ChromeDriverService.java:94)
	at org.openqa.selenium.chrome.ChromeDriver.&lt;init&gt;(ChromeDriver.java:123)
	at TestNGClass.signUpRegister(TestNGClass.java:110)
	at java.base/java.util.ArrayList.forEach(ArrayList.java:1511)
... Removed 36 stack frames
</div> <!-- stack-trace -->
                </div> <!-- method-content -->
              </div> <!-- method -->
              <div class="method">
                <div class="method-content">
                  <a name="signUpRegister(moustafa, Aly, 01007100244, moustadfa.k.aly201@gmail.com, Mk12345, Mk12345)">
                  </a> <!-- signUpRegister(moustafa, Aly, 01007100244, moustadfa.k.aly201@gmail.com, Mk12345, Mk12345) -->
                  <span class="method-name">signUpRegister</span>
                  <span class="parameters">(moustafa, Aly, 01007100244, moustadfa.k.aly201@gmail.com, Mk12345, Mk12345)</span>
                  <div class="stack-trace">java.lang.IllegalStateException: The driver executable does not exist: C:\Users\maly\IdeaProjects\TrainingAssignment\chromedriver.exe
	at com.google.common.base.Preconditions.checkState(Preconditions.java:585)
	at org.openqa.selenium.remote.service.DriverService.checkExecutable(DriverService.java:146)
	at org.openqa.selenium.remote.service.DriverService.findExecutable(DriverService.java:141)
	at org.openqa.selenium.chrome.ChromeDriverService.access$000(ChromeDriverService.java:35)
	at org.openqa.selenium.chrome.ChromeDriverService$Builder.findDefaultExecutable(ChromeDriverService.java:159)
	at org.openqa.selenium.remote.service.DriverService$Builder.build(DriverService.java:355)
	at org.openqa.selenium.chrome.ChromeDriverService.createDefaultService(ChromeDriverService.java:94)
	at org.openqa.selenium.chrome.ChromeDriver.&lt;init&gt;(ChromeDriver.java:123)
	at TestNGClass.signUpRegister(TestNGClass.java:110)
	at java.base/java.util.ArrayList.forEach(ArrayList.java:1511)
... Removed 37 stack frames
</div> <!-- stack-trace -->
                </div> <!-- method-content -->
              </div> <!-- method -->
              <div class="method">
                <div class="method-content">
                  <a name="signUpRegister(Moustafa, Aly, 01007100261, @gmail.com, Mk12345, Mk12345)">
                  </a> <!-- signUpRegister(Moustafa, Aly, 01007100261, @gmail.com, Mk12345, Mk12345) -->
                  <span class="method-name">signUpRegister</span>
                  <span class="parameters">(Moustafa, Aly, 01007100261, @gmail.com, Mk12345, Mk12345)</span>
                  <div class="stack-trace">java.lang.IllegalStateException: The driver executable does not exist: C:\Users\maly\IdeaProjects\TrainingAssignment\chromedriver.exe
	at com.google.common.base.Preconditions.checkState(Preconditions.java:585)
	at org.openqa.selenium.remote.service.DriverService.checkExecutable(DriverService.java:146)
	at org.openqa.selenium.remote.service.DriverService.findExecutable(DriverService.java:141)
	at org.openqa.selenium.chrome.ChromeDriverService.access$000(ChromeDriverService.java:35)
	at org.openqa.selenium.chrome.ChromeDriverService$Builder.findDefaultExecutable(ChromeDriverService.java:159)
	at org.openqa.selenium.remote.service.DriverService$Builder.build(DriverService.java:355)
	at org.openqa.selenium.chrome.ChromeDriverService.createDefaultService(ChromeDriverService.java:94)
	at org.openqa.selenium.chrome.ChromeDriver.&lt;init&gt;(ChromeDriver.java:123)
	at TestNGClass.signUpRegister(TestNGClass.java:110)
	at java.base/java.util.ArrayList.forEach(ArrayList.java:1511)
... Removed 36 stack frames
</div> <!-- stack-trace -->
                </div> <!-- method-content -->
              </div> <!-- method -->
              <div class="method">
                <div class="method-content">
                  <a name="signUpRegister(Moustafa, Aly, 01007100268, moustafa.k.aly222@gmail.com, Abcdefg, Abpgpgre)">
                  </a> <!-- signUpRegister(Moustafa, Aly, 01007100268, moustafa.k.aly222@gmail.com, Abcdefg, Abpgpgre) -->
                  <span class="method-name">signUpRegister</span>
                  <span class="parameters">(Moustafa, Aly, 01007100268, moustafa.k.aly222@gmail.com, Abcdefg, Abpgpgre)</span>
                  <div class="stack-trace">java.lang.IllegalStateException: The driver executable does not exist: C:\Users\maly\IdeaProjects\TrainingAssignment\chromedriver.exe
	at com.google.common.base.Preconditions.checkState(Preconditions.java:585)
	at org.openqa.selenium.remote.service.DriverService.checkExecutable(DriverService.java:146)
	at org.openqa.selenium.remote.service.DriverService.findExecutable(DriverService.java:141)
	at org.openqa.selenium.chrome.ChromeDriverService.access$000(ChromeDriverService.java:35)
	at org.openqa.selenium.chrome.ChromeDriverService$Builder.findDefaultExecutable(ChromeDriverService.java:159)
	at org.openqa.selenium.remote.service.DriverService$Builder.build(DriverService.java:355)
	at org.openqa.selenium.chrome.ChromeDriverService.createDefaultService(ChromeDriverService.java:94)
	at org.openqa.selenium.chrome.ChromeDriver.&lt;init&gt;(ChromeDriver.java:123)
	at TestNGClass.signUpRegister(TestNGClass.java:110)
	at java.base/java.util.ArrayList.forEach(ArrayList.java:1511)
... Removed 36 stack frames
</div> <!-- stack-trace -->
                </div> <!-- method-content -->
              </div> <!-- method -->
              <div class="method">
                <div class="method-content">
                  <a name="signUpRegister(Moustafa, Moustafa, 01007100252, moustafa.k.aly1028@gmail.com, Mk12345, Mk12345)">
                  </a> <!-- signUpRegister(Moustafa, Moustafa, 01007100252, moustafa.k.aly1028@gmail.com, Mk12345, Mk12345) -->
                  <span class="method-name">signUpRegister</span>
                  <span class="parameters">(Moustafa, Moustafa, 01007100252, moustafa.k.aly1028@gmail.com, Mk12345, Mk12345)</span>
                  <div class="stack-trace">java.lang.IllegalStateException: The driver executable does not exist: C:\Users\maly\IdeaProjects\TrainingAssignment\chromedriver.exe
	at com.google.common.base.Preconditions.checkState(Preconditions.java:585)
	at org.openqa.selenium.remote.service.DriverService.checkExecutable(DriverService.java:146)
	at org.openqa.selenium.remote.service.DriverService.findExecutable(DriverService.java:141)
	at org.openqa.selenium.chrome.ChromeDriverService.access$000(ChromeDriverService.java:35)
	at org.openqa.selenium.chrome.ChromeDriverService$Builder.findDefaultExecutable(ChromeDriverService.java:159)
	at org.openqa.selenium.remote.service.DriverService$Builder.build(DriverService.java:355)
	at org.openqa.selenium.chrome.ChromeDriverService.createDefaultService(ChromeDriverService.java:94)
	at org.openqa.selenium.chrome.ChromeDriver.&lt;init&gt;(ChromeDriver.java:123)
	at TestNGClass.signUpRegister(TestNGClass.java:110)
	at java.base/java.util.ArrayList.forEach(ArrayList.java:1511)
... Removed 37 stack frames
</div> <!-- stack-trace -->
                </div> <!-- method-content -->
              </div> <!-- method -->
              <div class="method">
                <div class="method-content">
                  <a name="signUpRegister(Moustafa, Aly, 01007a00255, moustafa.k.aly1121@gmail.com, Mk12345, Mk12345)">
                  </a> <!-- signUpRegister(Moustafa, Aly, 01007a00255, moustafa.k.aly1121@gmail.com, Mk12345, Mk12345) -->
                  <span class="method-name">signUpRegister</span>
                  <span class="parameters">(Moustafa, Aly, 01007a00255, moustafa.k.aly1121@gmail.com, Mk12345, Mk12345)</span>
                  <div class="stack-trace">java.lang.IllegalStateException: The driver executable does not exist: C:\Users\maly\IdeaProjects\TrainingAssignment\chromedriver.exe
	at com.google.common.base.Preconditions.checkState(Preconditions.java:585)
	at org.openqa.selenium.remote.service.DriverService.checkExecutable(DriverService.java:146)
	at org.openqa.selenium.remote.service.DriverService.findExecutable(DriverService.java:141)
	at org.openqa.selenium.chrome.ChromeDriverService.access$000(ChromeDriverService.java:35)
	at org.openqa.selenium.chrome.ChromeDriverService$Builder.findDefaultExecutable(ChromeDriverService.java:159)
	at org.openqa.selenium.remote.service.DriverService$Builder.build(DriverService.java:355)
	at org.openqa.selenium.chrome.ChromeDriverService.createDefaultService(ChromeDriverService.java:94)
	at org.openqa.selenium.chrome.ChromeDriver.&lt;init&gt;(ChromeDriver.java:123)
	at TestNGClass.signUpRegister(TestNGClass.java:110)
	at java.base/java.util.ArrayList.forEach(ArrayList.java:1511)
... Removed 37 stack frames
</div> <!-- stack-trace -->
                </div> <!-- method-content -->
              </div> <!-- method -->
            </div> <!-- main-panel-content rounded-window-bottom -->
          </div> <!-- suite-Command_line_suite-class-failed -->
          <div class="suite-Command_line_suite-class-passed">
            <div class="main-panel-header rounded-window-top">
              <img src="passed.png"/>
              <span class="class-name">SampleTest</span>
            </div> <!-- main-panel-header rounded-window-top -->
            <div class="main-panel-content rounded-window-bottom">
              <div class="method">
                <div class="method-content">
                  <a name="test1">
                  </a> <!-- test1 -->
                  <span class="method-name">test1</span>
                </div> <!-- method-content -->
              </div> <!-- method -->
            </div> <!-- main-panel-content rounded-window-bottom -->
          </div> <!-- suite-Command_line_suite-class-passed -->
        </div> <!-- panel Command_line_suite -->
        <div panel-name="test-xml-Command_line_suite" class="panel">
          <div class="main-panel-header rounded-window-top">
          </div> <!-- main-panel-header rounded-window-top -->
          <div class="main-panel-content rounded-window-bottom">
            <pre>
&lt;?xml version=&quot;1.0&quot; encoding=&quot;UTF-8&quot;?&gt;
&lt;!DOCTYPE suite SYSTEM &quot;https://testng.org/testng-1.0.dtd&quot;&gt;
&lt;suite name=&quot;Command line suite&quot; verbose=&quot;0&quot;&gt;
  &lt;test thread-count=&quot;5&quot; name=&quot;Command line test&quot; verbose=&quot;0&quot;&gt;
    &lt;classes&gt;
      &lt;class name=&quot;SampleTest&quot;/&gt;
      &lt;class name=&quot;TestNGClass&quot;/&gt;
    &lt;/classes&gt;
  &lt;/test&gt; &lt;!-- Command line test --&gt;
&lt;/suite&gt; &lt;!-- Command line suite --&gt;
            </pre>
          </div> <!-- main-panel-content rounded-window-bottom -->
        </div> <!-- panel -->
        <div panel-name="testlist-Command_line_suite" class="panel">
          <div class="main-panel-header rounded-window-top">
            <span class="header-content">Tests for Command line suite</span>
          </div> <!-- main-panel-header rounded-window-top -->
          <div class="main-panel-content rounded-window-bottom">
            <ul>
              <li>
                <span class="test-name">Command line test (2 classes)</span>
              </li>
            </ul>
          </div> <!-- main-panel-content rounded-window-bottom -->
        </div> <!-- panel -->
        <div panel-name="group-Command_line_suite" class="panel">
          <div class="main-panel-header rounded-window-top">
            <span class="header-content">Groups for Command line suite</span>
          </div> <!-- main-panel-header rounded-window-top -->
          <div class="main-panel-content rounded-window-bottom">
          </div> <!-- main-panel-content rounded-window-bottom -->
        </div> <!-- panel -->
        <div panel-name="times-Command_line_suite" class="panel">
          <div class="main-panel-header rounded-window-top">
            <span class="header-content">Times for Command line suite</span>
          </div> <!-- main-panel-header rounded-window-top -->
          <div class="main-panel-content rounded-window-bottom">
            <div class="times-div">
              <script type="text/javascript">
suiteTableInitFunctions.push('tableData_Command_line_suite');
function tableData_Command_line_suite() {
var data = new google.visualization.DataTable();
data.addColumn('number', 'Number');
data.addColumn('string', 'Method');
data.addColumn('string', 'Class');
data.addColumn('number', 'Time (ms)');
data.addRows(31);
data.setCell(0, 0, 0)
data.setCell(0, 1, 'test1')
data.setCell(0, 2, 'SampleTest')
data.setCell(0, 3, 22366);
data.setCell(1, 0, 1)
data.setCell(1, 1, 'signUpRegister')
data.setCell(1, 2, 'TestNGClass')
data.setCell(1, 3, 8);
data.setCell(2, 0, 2)
data.setCell(2, 1, 'signUpRegister')
data.setCell(2, 2, 'TestNGClass')
data.setCell(2, 3, 8);
data.setCell(3, 0, 3)
data.setCell(3, 1, 'signUpRegister')
data.setCell(3, 2, 'TestNGClass')
data.setCell(3, 3, 8);
data.setCell(4, 0, 4)
data.setCell(4, 1, 'signUpRegister')
data.setCell(4, 2, 'TestNGClass')
data.setCell(4, 3, 6);
data.setCell(5, 0, 5)
data.setCell(5, 1, 'signUpRegister')
data.setCell(5, 2, 'TestNGClass')
data.setCell(5, 3, 5);
data.setCell(6, 0, 6)
data.setCell(6, 1, 'signUpRegister')
data.setCell(6, 2, 'TestNGClass')
data.setCell(6, 3, 5);
data.setCell(7, 0, 7)
data.setCell(7, 1, 'signUpRegister')
data.setCell(7, 2, 'TestNGClass')
data.setCell(7, 3, 4);
data.setCell(8, 0, 8)
data.setCell(8, 1, 'signUpRegister')
data.setCell(8, 2, 'TestNGClass')
data.setCell(8, 3, 4);
data.setCell(9, 0, 9)
data.setCell(9, 1, 'signUpRegister')
data.setCell(9, 2, 'TestNGClass')
data.setCell(9, 3, 4);
data.setCell(10, 0, 10)
data.setCell(10, 1, 'signUpRegister')
data.setCell(10, 2, 'TestNGClass')
data.setCell(10, 3, 4);
data.setCell(11, 0, 11)
data.setCell(11, 1, 'signUpRegister')
data.setCell(11, 2, 'TestNGClass')
data.setCell(11, 3, 3);
data.setCell(12, 0, 12)
data.setCell(12, 1, 'signUpRegister')
data.setCell(12, 2, 'TestNGClass')
data.setCell(12, 3, 3);
data.setCell(13, 0, 13)
data.setCell(13, 1, 'signUpRegister')
data.setCell(13, 2, 'TestNGClass')
data.setCell(13, 3, 3);
data.setCell(14, 0, 14)
data.setCell(14, 1, 'signUpRegister')
data.setCell(14, 2, 'TestNGClass')
data.setCell(14, 3, 3);
data.setCell(15, 0, 15)
data.setCell(15, 1, 'signUpRegister')
data.setCell(15, 2, 'TestNGClass')
data.setCell(15, 3, 3);
data.setCell(16, 0, 16)
data.setCell(16, 1, 'signUpRegister')
data.setCell(16, 2, 'TestNGClass')
data.setCell(16, 3, 3);
data.setCell(17, 0, 17)
data.setCell(17, 1, 'signUpRegister')
data.setCell(17, 2, 'TestNGClass')
data.setCell(17, 3, 3);
data.setCell(18, 0, 18)
data.setCell(18, 1, 'signUpRegister')
data.setCell(18, 2, 'TestNGClass')
data.setCell(18, 3, 3);
data.setCell(19, 0, 19)
data.setCell(19, 1, 'signUpRegister')
data.setCell(19, 2, 'TestNGClass')
data.setCell(19, 3, 2);
data.setCell(20, 0, 20)
data.setCell(20, 1, 'signUpRegister')
data.setCell(20, 2, 'TestNGClass')
data.setCell(20, 3, 2);
data.setCell(21, 0, 21)
data.setCell(21, 1, 'signUpRegister')
data.setCell(21, 2, 'TestNGClass')
data.setCell(21, 3, 2);
data.setCell(22, 0, 22)
data.setCell(22, 1, 'signUpRegister')
data.setCell(22, 2, 'TestNGClass')
data.setCell(22, 3, 2);
data.setCell(23, 0, 23)
data.setCell(23, 1, 'signUpRegister')
data.setCell(23, 2, 'TestNGClass')
data.setCell(23, 3, 1);
data.setCell(24, 0, 24)
data.setCell(24, 1, 'signUpRegister')
data.setCell(24, 2, 'TestNGClass')
data.setCell(24, 3, 1);
data.setCell(25, 0, 25)
data.setCell(25, 1, 'signUpRegister')
data.setCell(25, 2, 'TestNGClass')
data.setCell(25, 3, 1);
data.setCell(26, 0, 26)
data.setCell(26, 1, 'signUpRegister')
data.setCell(26, 2, 'TestNGClass')
data.setCell(26, 3, 1);
data.setCell(27, 0, 27)
data.setCell(27, 1, 'signUpRegister')
data.setCell(27, 2, 'TestNGClass')
data.setCell(27, 3, 1);
data.setCell(28, 0, 28)
data.setCell(28, 1, 'signUpRegister')
data.setCell(28, 2, 'TestNGClass')
data.setCell(28, 3, 0);
data.setCell(29, 0, 29)
data.setCell(29, 1, 'signUpRegister')
data.setCell(29, 2, 'TestNGClass')
data.setCell(29, 3, 0);
data.setCell(30, 0, 30)
data.setCell(30, 1, 'signUpRegister')
data.setCell(30, 2, 'TestNGClass')
data.setCell(30, 3, 0);
window.suiteTableData['Command_line_suite']= { tableData: data, tableDiv: 'times-div-Command_line_suite'}
return data;
}
              </script>
              <span class="suite-total-time">Total running time: 22 seconds</span>
              <div id="times-div-Command_line_suite">
              </div> <!-- times-div-Command_line_suite -->
            </div> <!-- times-div -->
          </div> <!-- main-panel-content rounded-window-bottom -->
        </div> <!-- panel -->
        <div panel-name="reporter-Command_line_suite" class="panel">
          <div class="main-panel-header rounded-window-top">
            <span class="header-content">Reporter output for Command line suite</span>
          </div> <!-- main-panel-header rounded-window-top -->
          <div class="main-panel-content rounded-window-bottom">
          </div> <!-- main-panel-content rounded-window-bottom -->
        </div> <!-- panel -->
        <div panel-name="ignored-methods-Command_line_suite" class="panel">
          <div class="main-panel-header rounded-window-top">
            <span class="header-content">0 ignored methods</span>
          </div> <!-- main-panel-header rounded-window-top -->
          <div class="main-panel-content rounded-window-bottom">
          </div> <!-- main-panel-content rounded-window-bottom -->
        </div> <!-- panel -->
        <div panel-name="chronological-Command_line_suite" class="panel">
          <div class="main-panel-header rounded-window-top">
            <span class="header-content">Methods in chronological order</span>
          </div> <!-- main-panel-header rounded-window-top -->
          <div class="main-panel-content rounded-window-bottom">
            <div class="chronological-class">
              <div class="chronological-class-name">TestNGClass</div> <!-- chronological-class-name -->
              <div class="configuration-test before">
                <span class="method-name">startTest</span>
                <span class="method-start">0 ms</span>
              </div> <!-- configuration-test before -->
            </div> <!-- chronological-class -->
            <div class="chronological-class">
              <div class="chronological-class-name">SampleTest</div> <!-- chronological-class-name -->
              <div class="test-method">
                <span class="method-name">test1</span>
                <span class="method-start">33 ms</span>
              </div> <!-- test-method -->
            </div> <!-- chronological-class -->
            <div class="chronological-class">
              <div class="chronological-class-name">TestNGClass</div> <!-- chronological-class-name -->
              <div class="test-method">
                <img src="failed.png">
                </img>
                <span class="method-name">signUpRegister(Moustafz, Aly, 01007100243, moustafa.k.aaly200@gmail.com, Mk12345, Mk12345)</span>
                <span class="method-start">22449 ms</span>
              </div> <!-- test-method -->
              <div class="configuration-method after">
                <span class="method-name">getReport([TestResult name=signUpRegister status=FAILURE method=TestNGClass.signUpRegister(java.lang.String, j...)</span>
                <span class="method-start">22458 ms</span>
              </div> <!-- configuration-method after -->
              <div class="test-method">
                <img src="failed.png">
                </img>
                <span class="method-name">signUpRegister(moustafa, Aly, 01007100244, moustadfa.k.aly201@gmail.com, Mk12345, Mk12345)</span>
                <span class="method-start">22461 ms</span>
              </div> <!-- test-method -->
              <div class="configuration-method after">
                <span class="method-name">getReport([TestResult name=signUpRegister status=FAILURE method=TestNGClass.signUpRegister(java.lang.String, j...)</span>
                <span class="method-start">22465 ms</span>
              </div> <!-- configuration-method after -->
              <div class="test-method">
                <img src="failed.png">
                </img>
                <span class="method-name">signUpRegister(, Aly, 01007100245, moustafa.k.aly1022@gmail.com, Mk12345, Mk12345)</span>
                <span class="method-start">22465 ms</span>
              </div> <!-- test-method -->
              <div class="configuration-method after">
                <span class="method-name">getReport([TestResult name=signUpRegister status=FAILURE method=TestNGClass.signUpRegister(java.lang.String, j...)</span>
                <span class="method-start">22473 ms</span>
              </div> <!-- configuration-method after -->
              <div class="test-method">
                <img src="failed.png">
                </img>
                <span class="method-name">signUpRegister(Moustafa@, Aly, 01007100246, moustafa.k.aly1203@gmail.com, Mk12345, Mk12345)</span>
                <span class="method-start">22474 ms</span>
              </div> <!-- test-method -->
              <div class="configuration-method after">
                <span class="method-name">getReport([TestResult name=signUpRegister status=FAILURE method=TestNGClass.signUpRegister(java.lang.String, j...)</span>
                <span class="method-start">22478 ms</span>
              </div> <!-- configuration-method after -->
              <div class="test-method">
                <img src="failed.png">
                </img>
                <span class="method-name">signUpRegister(Moustafa1, Aly, 01007100247, moustafa.k.aly1042@gmail.com, Mk12345, Mk12345)</span>
                <span class="method-start">22479 ms</span>
              </div> <!-- test-method -->
              <div class="configuration-method after">
                <span class="method-name">getReport([TestResult name=signUpRegister status=FAILURE method=TestNGClass.signUpRegister(java.lang.String, j...)</span>
                <span class="method-start">22484 ms</span>
              </div> <!-- configuration-method after -->
              <div class="test-method">
                <img src="failed.png">
                </img>
                <span class="method-name">signUpRegister(Moustafa, aly, 01007100248, moustafa.k.al2y104@gmail.com, Mk12345, Mk12345)</span>
                <span class="method-start">22485 ms</span>
              </div> <!-- test-method -->
              <div class="configuration-method after">
                <span class="method-name">getReport([TestResult name=signUpRegister status=FAILURE method=TestNGClass.signUpRegister(java.lang.String, j...)</span>
                <span class="method-start">22485 ms</span>
              </div> <!-- configuration-method after -->
              <div class="test-method">
                <img src="failed.png">
                </img>
                <span class="method-name">signUpRegister(Moustafa, , 01007100249, moustafa.k.aly1205@gmail.com, Mk12345, Mk12345)</span>
                <span class="method-start">22485 ms</span>
              </div> <!-- test-method -->
              <div class="configuration-method after">
                <span class="method-name">getReport([TestResult name=signUpRegister status=FAILURE method=TestNGClass.signUpRegister(java.lang.String, j...)</span>
                <span class="method-start">22494 ms</span>
              </div> <!-- configuration-method after -->
              <div class="test-method">
                <img src="failed.png">
                </img>
                <span class="method-name">signUpRegister(Moustafa, Aly*, 01007100250, moustafa.k.aly1206@gmail.com, Mk12345, Mk12345)</span>
                <span class="method-start">22495 ms</span>
              </div> <!-- test-method -->
              <div class="configuration-method after">
                <span class="method-name">getReport([TestResult name=signUpRegister status=FAILURE method=TestNGClass.signUpRegister(java.lang.String, j...)</span>
                <span class="method-start">22499 ms</span>
              </div> <!-- configuration-method after -->
              <div class="test-method">
                <img src="failed.png">
                </img>
                <span class="method-name">signUpRegister(Moustafa, Aly1, 01007100251, moustafa.k.aly2107@gmail.com, Mk12345, Mk12345)</span>
                <span class="method-start">22499 ms</span>
              </div> <!-- test-method -->
              <div class="configuration-method after">
                <span class="method-name">getReport([TestResult name=signUpRegister status=FAILURE method=TestNGClass.signUpRegister(java.lang.String, j...)</span>
                <span class="method-start">22502 ms</span>
              </div> <!-- configuration-method after -->
              <div class="test-method">
                <img src="failed.png">
                </img>
                <span class="method-name">signUpRegister(Moustafa, Moustafa, 01007100252, moustafa.k.aly1028@gmail.com, Mk12345, Mk12345)</span>
                <span class="method-start">22504 ms</span>
              </div> <!-- test-method -->
              <div class="configuration-method after">
                <span class="method-name">getReport([TestResult name=signUpRegister status=FAILURE method=TestNGClass.signUpRegister(java.lang.String, j...)</span>
                <span class="method-start">22508 ms</span>
              </div> <!-- configuration-method after -->
              <div class="test-method">
                <img src="failed.png">
                </img>
                <span class="method-name">signUpRegister(Moustafa, Aly, abdjdflsfjea, moustafa.k.aly2109@gmail.com, Mk12345, Mk12345)</span>
                <span class="method-start">22509 ms</span>
              </div> <!-- test-method -->
              <div class="configuration-method after">
                <span class="method-name">getReport([TestResult name=signUpRegister status=FAILURE method=TestNGClass.signUpRegister(java.lang.String, j...)</span>
                <span class="method-start">22514 ms</span>
              </div> <!-- configuration-method after -->
              <div class="test-method">
                <img src="failed.png">
                </img>
                <span class="method-name">signUpRegister(Moustafa, Aly, 0100710025&, moustafa.k.al2y110@gmail.com, Mk12345, Mk12345)</span>
                <span class="method-start">22515 ms</span>
              </div> <!-- test-method -->
              <div class="configuration-method after">
                <span class="method-name">getReport([TestResult name=signUpRegister status=FAILURE method=TestNGClass.signUpRegister(java.lang.String, j...)</span>
                <span class="method-start">22519 ms</span>
              </div> <!-- configuration-method after -->
              <div class="test-method">
                <img src="failed.png">
                </img>
                <span class="method-name">signUpRegister(Moustafa, Aly, 01007a00255, moustafa.k.aly1121@gmail.com, Mk12345, Mk12345)</span>
                <span class="method-start">22520 ms</span>
              </div> <!-- test-method -->
              <div class="configuration-method after">
                <span class="method-name">getReport([TestResult name=signUpRegister status=FAILURE method=TestNGClass.signUpRegister(java.lang.String, j...)</span>
                <span class="method-start">22525 ms</span>
              </div> <!-- configuration-method after -->
              <div class="test-method">
                <img src="failed.png">
                </img>
                <span class="method-name">signUpRegister(Moustafa, Aly, 0100710025, moustafa.k.aly1212@gmail.com, Mk12345, Mk12345)</span>
                <span class="method-start">22526 ms</span>
              </div> <!-- test-method -->
              <div class="configuration-method after">
                <span class="method-name">getReport([TestResult name=signUpRegister status=FAILURE method=TestNGClass.signUpRegister(java.lang.String, j...)</span>
                <span class="method-start">22531 ms</span>
              </div> <!-- configuration-method after -->
              <div class="test-method">
                <img src="failed.png">
                </img>
                <span class="method-name">signUpRegister(Moustafa, Aly, 010071002578, moustafa.k.aly1213@gmail.com, Mk12345, Mk12345)</span>
                <span class="method-start">22531 ms</span>
              </div> <!-- test-method -->
              <div class="configuration-method after">
                <span class="method-name">getReport([TestResult name=signUpRegister status=FAILURE method=TestNGClass.signUpRegister(java.lang.String, j...)</span>
                <span class="method-start">22532 ms</span>
              </div> <!-- configuration-method after -->
              <div class="test-method">
                <img src="failed.png">
                </img>
                <span class="method-name">signUpRegister(Moustafa, Aly, , moustafa.k.aly1214@gmail.com, Mk12345, Mk12345)</span>
                <span class="method-start">22535 ms</span>
              </div> <!-- test-method -->
              <div class="configuration-method after">
                <span class="method-name">getReport([TestResult name=signUpRegister status=FAILURE method=TestNGClass.signUpRegister(java.lang.String, j...)</span>
                <span class="method-start">22536 ms</span>
              </div> <!-- configuration-method after -->
              <div class="test-method">
                <img src="failed.png">
                </img>
                <span class="method-name">signUpRegister(Moustafa, Aly, 01007100259, moustafa.k.2aly115gmail.com, Mk12345, Mk12345)</span>
                <span class="method-start">22536 ms</span>
              </div> <!-- test-method -->
              <div class="configuration-method after">
                <span class="method-name">getReport([TestResult name=signUpRegister status=FAILURE method=TestNGClass.signUpRegister(java.lang.String, j...)</span>
                <span class="method-start">22548 ms</span>
              </div> <!-- configuration-method after -->
              <div class="test-method">
                <img src="failed.png">
                </img>
                <span class="method-name">signUpRegister(Moustafa, Aly, 01007100260, moustafa.k.aly116@, Mk12345, Mk12345)</span>
                <span class="method-start">22549 ms</span>
              </div> <!-- test-method -->
              <div class="configuration-method after">
                <span class="method-name">getReport([TestResult name=signUpRegister status=FAILURE method=TestNGClass.signUpRegister(java.lang.String, j...)</span>
                <span class="method-start">22552 ms</span>
              </div> <!-- configuration-method after -->
              <div class="test-method">
                <img src="failed.png">
                </img>
                <span class="method-name">signUpRegister(Moustafa, Aly, 01007100261, @gmail.com, Mk12345, Mk12345)</span>
                <span class="method-start">22552 ms</span>
              </div> <!-- test-method -->
              <div class="configuration-method after">
                <span class="method-name">getReport([TestResult name=signUpRegister status=FAILURE method=TestNGClass.signUpRegister(java.lang.String, j...)</span>
                <span class="method-start">22557 ms</span>
              </div> <!-- configuration-method after -->
              <div class="test-method">
                <img src="failed.png">
                </img>
                <span class="method-name">signUpRegister(Moustafa, Aly, 01007100262, moustafa.k.aly117, Mk12345, Mk12345)</span>
                <span class="method-start">22557 ms</span>
              </div> <!-- test-method -->
              <div class="configuration-method after">
                <span class="method-name">getReport([TestResult name=signUpRegister status=FAILURE method=TestNGClass.signUpRegister(java.lang.String, j...)</span>
                <span class="method-start">22562 ms</span>
              </div> <!-- configuration-method after -->
              <div class="test-method">
                <img src="failed.png">
                </img>
                <span class="method-name">signUpRegister(Moustafa, Aly, 01007100263, moustafa.k.aaly200@gmail.com, Mk12345, Mk12345)</span>
                <span class="method-start">22565 ms</span>
              </div> <!-- test-method -->
              <div class="configuration-method after">
                <span class="method-name">getReport([TestResult name=signUpRegister status=FAILURE method=TestNGClass.signUpRegister(java.lang.String, j...)</span>
                <span class="method-start">22573 ms</span>
              </div> <!-- configuration-method after -->
              <div class="test-method">
                <img src="failed.png">
                </img>
                <span class="method-name">signUpRegister(Moustafa, Aly, 01007100264, , Mk12345, Mk12345)</span>
                <span class="method-start">22573 ms</span>
              </div> <!-- test-method -->
              <div class="configuration-method after">
                <span class="method-name">getReport([TestResult name=signUpRegister status=FAILURE method=TestNGClass.signUpRegister(java.lang.String, j...)</span>
                <span class="method-start">22578 ms</span>
              </div> <!-- configuration-method after -->
              <div class="test-method">
                <img src="failed.png">
                </img>
                <span class="method-name">signUpRegister(Moustafa, Aly, 01007100265, moustafa.k.aly1219@gmail.com, abcdefg, abcdefg)</span>
                <span class="method-start">22578 ms</span>
              </div> <!-- test-method -->
              <div class="configuration-method after">
                <span class="method-name">getReport([TestResult name=signUpRegister status=FAILURE method=TestNGClass.signUpRegister(java.lang.String, j...)</span>
                <span class="method-start">22585 ms</span>
              </div> <!-- configuration-method after -->
              <div class="test-method">
                <img src="failed.png">
                </img>
                <span class="method-name">signUpRegister(Moustafa, Aly, 01007100266, moustafa.k.aly1220@gmail.com, ABCDEFH, ABCDEFH)</span>
                <span class="method-start">22585 ms</span>
              </div> <!-- test-method -->
              <div class="configuration-method after">
                <span class="method-name">getReport([TestResult name=signUpRegister status=FAILURE method=TestNGClass.signUpRegister(java.lang.String, j...)</span>
                <span class="method-start">22589 ms</span>
              </div> <!-- configuration-method after -->
              <div class="test-method">
                <img src="failed.png">
                </img>
                <span class="method-name">signUpRegister(Moustafa, Aly, 01007100267, moustafa.k.aly221@gmail.com, AbcdefgDK, AbcdefgDK)</span>
                <span class="method-start">22589 ms</span>
              </div> <!-- test-method -->
              <div class="configuration-method after">
                <span class="method-name">getReport([TestResult name=signUpRegister status=FAILURE method=TestNGClass.signUpRegister(java.lang.String, j...)</span>
                <span class="method-start">22592 ms</span>
              </div> <!-- configuration-method after -->
              <div class="test-method">
                <img src="failed.png">
                </img>
                <span class="method-name">signUpRegister(Moustafa, Aly, 01007100268, moustafa.k.aly222@gmail.com, Abcdefg, Abpgpgre)</span>
                <span class="method-start">22593 ms</span>
              </div> <!-- test-method -->
              <div class="configuration-method after">
                <span class="method-name">getReport([TestResult name=signUpRegister status=FAILURE method=TestNGClass.signUpRegister(java.lang.String, j...)</span>
                <span class="method-start">22598 ms</span>
              </div> <!-- configuration-method after -->
              <div class="test-method">
                <img src="failed.png">
                </img>
                <span class="method-name">signUpRegister(Moustafa, Aly, 01007100269, moustafa.k.aly223@gmail.com, , Abcdefg)</span>
                <span class="method-start">22599 ms</span>
              </div> <!-- test-method -->
              <div class="configuration-method after">
                <span class="method-name">getReport([TestResult name=signUpRegister status=FAILURE method=TestNGClass.signUpRegister(java.lang.String, j...)</span>
                <span class="method-start">22601 ms</span>
              </div> <!-- configuration-method after -->
              <div class="test-method">
                <img src="failed.png">
                </img>
                <span class="method-name">signUpRegister(Moustafa, Aly, 01007100270, moustafa.k.aly224@gmail.com, Abcdefg, )</span>
                <span class="method-start">22601 ms</span>
              </div> <!-- test-method -->
              <div class="configuration-method after">
                <span class="method-name">getReport([TestResult name=signUpRegister status=FAILURE method=TestNGClass.signUpRegister(java.lang.String, j...)</span>
                <span class="method-start">22607 ms</span>
              </div> <!-- configuration-method after -->
              <div class="test-method">
                <img src="failed.png">
                </img>
                <span class="method-name">signUpRegister(Moustafa, Aly, 01007100271, moustafa.k.aly1225@gmail.com, Abcde, Abcde)</span>
                <span class="method-start">22608 ms</span>
              </div> <!-- test-method -->
              <div class="configuration-method after">
                <span class="method-name">getReport([TestResult name=signUpRegister status=FAILURE method=TestNGClass.signUpRegister(java.lang.String, j...)</span>
                <span class="method-start">22614 ms</span>
              </div> <!-- configuration-method after -->
              <div class="test-method">
                <img src="failed.png">
                </img>
                <span class="method-name">signUpRegister(null, null, null, null, null, null)</span>
                <span class="method-start">22615 ms</span>
              </div> <!-- test-method -->
              <div class="configuration-method after">
                <span class="method-name">getReport([TestResult name=signUpRegister status=FAILURE method=TestNGClass.signUpRegister(java.lang.String, j...)</span>
                <span class="method-start">22619 ms</span>
              </div> <!-- configuration-method after -->
              <div class="configuration-test after">
                <span class="method-name">endReport</span>
                <span class="method-start">22620 ms</span>
              </div> <!-- configuration-test after -->
          </div> <!-- main-panel-content rounded-window-bottom -->
        </div> <!-- panel -->
      </div> <!-- main-panel-root -->
    </div> <!-- wrapper -->
  </body>
</html>
